activating the configuration...
setting up /etc...
removing obsolete symlink ‘/etc/profiles/per-user/admin’...
reloading user units for admin...
restarting sysinit-reactivation.target
restarting the following units: home-manager-admin.service
ore/k5m3fg29abvhbq5pqvyhqqywyrlsca89-dummy-xdg-mime-dirs1.drv
  /nix/store/296d2y78rivxn6wzwxaisbfiz27p9w0g-home-manager-path.drv
  /nix/store/z70vyvzqvg1qf2g3ph0dhvjqijz7xhyv-keep.drv
  /nix/store/izcrqsgbdsg1dj659z37iz77si5crbwh-ff_native-messaging-hosts.drv
  /nix/store/rmfmg1rvlbwlx0n5wxsr1hayrff3zfqi-home-manager-files.drv
  /nix/store/v6cll0mpfm4yhkx0i1v1kar8mz2kii5s-activation-script.drv
  /nix/store/a5rpiya0chdfgrn22dgdyi4lnl8n940q-home-manager-generation.drv
  /nix/store/27mpd61phvbgplb3ifpn93zj9m68nbb6-unit-home-manager-admin.service.drv
  /nix/store/kximjfv8jnrng5k3kqwn5i9mzd2h8ksh-system-units.drv
  /nix/store/wh7dvwmdwq0yv8bahbhb903086n551k3-etc.drv
  /nix/store/vv0i65krfnw8yzpvcgm1xc7hg5pwzslc-nixos-system-nixos-24.05.20240306.9df3e30.drv
building '/nix/store/k5m3fg29abvhbq5pqvyhqqywyrlsca89-dummy-xdg-mime-dirs1.drv'...
building '/nix/store/ib3dm6d2zqf6g2l31s74f9zvznf8pp1i-dummy-xdg-mime-dirs2.drv'...
building '/nix/store/z70vyvzqvg1qf2g3ph0dhvjqijz7xhyv-keep.drv'...
building '/nix/store/296d2y78rivxn6wzwxaisbfiz27p9w0g-home-manager-path.drv'...
building '/nix/store/izcrqsgbdsg1dj659z37iz77si5crbwh-ff_native-messaging-hosts.drv'...
building '/nix/store/rmfmg1rvlbwlx0n5wxsr1hayrff3zfqi-home-manager-files.drv'...
building '/nix/store/v6cll0mpfm4yhkx0i1v1kar8mz2kii5s-activation-script.drv'...
building '/nix/store/a5rpiya0chdfgrn22dgdyi4lnl8n940q-home-manager-generation.drv'...
building '/nix/store/27mpd61phvbgplb3ifpn93zj9m68nbb6-unit-home-manager-admin.service.drv'...
building '/nix/store/kximjfv8jnrng5k3kqwn5i9mzd2h8ksh-system-units.drv'...
building '/nix/store/wh7dvwmdwq0yv8bahbhb903086n551k3-etc.drv'...
building '/nix/store/vv0i65krfnw8yzpvcgm1xc7hg5pwzslc-nixos-system-nixos-24.05.20240306.9df3e30.drv'...
