activating the configuration...
setting up /etc...
reloading user units for admin...
restarting sysinit-reactivation.target
restarting the following units: home-manager-admin.service
f51wqp3h6l8mq7a6bd4vw5dh3ac65-hm-session-vars.sh.drv
  /nix/store/cjx8xdd4f070zl2cxivm9zixyg0kz58b-home-manager-path.drv
  /nix/store/k9cvpqslwhgfipzbrhvphain677w4dhk-activation-script.drv
  /nix/store/f43vc8b4qp2ab3hr3bzzyxwyjdrc2wc5-home-manager-generation.drv
  /nix/store/hkga83ivgnzswkzk1nnh6a4fmcs405a6-unit-home-manager-admin.service.drv
  /nix/store/q1k33mf84swnhv1sa70hl2drmy93gapf-system-units.drv
  /nix/store/w4ghi6w3yf67g729agpgscb6cfjc30ns-etc.drv
  /nix/store/nbgzmi7a2rlmjcz1fgmnizq3n6b0ghd7-nixos-system-nixos-24.05.20240306.9df3e30.drv
building '/nix/store/gl6f51wqp3h6l8mq7a6bd4vw5dh3ac65-hm-session-vars.sh.drv'...
building '/nix/store/cjx8xdd4f070zl2cxivm9zixyg0kz58b-home-manager-path.drv'...
building '/nix/store/k9cvpqslwhgfipzbrhvphain677w4dhk-activation-script.drv'...
building '/nix/store/f43vc8b4qp2ab3hr3bzzyxwyjdrc2wc5-home-manager-generation.drv'...
building '/nix/store/hkga83ivgnzswkzk1nnh6a4fmcs405a6-unit-home-manager-admin.service.drv'...
building '/nix/store/q1k33mf84swnhv1sa70hl2drmy93gapf-system-units.drv'...
building '/nix/store/w4ghi6w3yf67g729agpgscb6cfjc30ns-etc.drv'...
building '/nix/store/nbgzmi7a2rlmjcz1fgmnizq3n6b0ghd7-nixos-system-nixos-24.05.20240306.9df3e30.drv'...
