stopping the following units: accounts-daemon.service
activating the configuration...
setting up /etc...
reloading user units for admin...
setting up tmpfiles
reloading the following units: dbus.service
restarting the following units: polkit.service
starting the following units: accounts-daemon.service
/nix/store/mrmid7i5vmxgkbzzbrs5aj3g4h0k68qh-system-path.drv
  /nix/store/xnk4mpn96nlh1ga1234c0slbhwy70r1f-dbus-1.drv
  /nix/store/fafi5llgrirr2nf0f5ql26hn00zg62qk-X-Restart-Triggers-dbus.drv
  /nix/store/d50v0nfaxifgclzlbr6r63pgcr2zqnzj-unit-dbus.service.drv
  /nix/store/kfb8q6q074giccyws8k1iy976y219hc8-unit-accounts-daemon.service.drv
  /nix/store/nqw5rbc38vfy28l79zy6v3bkb1vv44jg-X-Restart-Triggers-polkit.drv
  /nix/store/wd0cqqs2q177sdhpizbsh7a58ncalc3g-unit-polkit.service.drv
  /nix/store/0fl73sp2h259isb8ggqiwh61bjhf0izv-system-units.drv
  /nix/store/3ww2mzyh3xynhh4ypcnqhrss5cbddb5s-unit-dbus.service.drv
  /nix/store/kk5mlpr315j3r3jhm687fwzk7w8vqjzv-user-units.drv
  /nix/store/7qmr38fmf14jpn3qd7fpanjail2wfpwq-etc.drv
  /nix/store/9jql6j3q7frm9wsrin08n32bq2wmdhp5-nixos-system-nixos-23.11.5060.617579a78725.drv
building '/nix/store/z1pw5dgj2r0r65rj23ah8x34jgpz401h-vscode-extensions-json.drv'...
building '/nix/store/gnqx2xj36mhrrsb2jlsxajc2n49d2z79-vscode-extensions.drv'...
created 1 symlinks in user environment
building '/nix/store/xl415b4mpii2xy2fpjdxgblfyzifx36f-vscode-with-extensions-1.85.2.drv'...
building '/nix/store/mrmid7i5vmxgkbzzbrs5aj3g4h0k68qh-system-path.drv'...
created 34101 symlinks in user environment
gtk-update-icon-cache: Cache file created successfully.
building '/nix/store/nqw5rbc38vfy28l79zy6v3bkb1vv44jg-X-Restart-Triggers-polkit.drv'...
building '/nix/store/xnk4mpn96nlh1ga1234c0slbhwy70r1f-dbus-1.drv'...
building '/nix/store/kfb8q6q074giccyws8k1iy976y219hc8-unit-accounts-daemon.service.drv'...
building '/nix/store/fafi5llgrirr2nf0f5ql26hn00zg62qk-X-Restart-Triggers-dbus.drv'...
building '/nix/store/wd0cqqs2q177sdhpizbsh7a58ncalc3g-unit-polkit.service.drv'...
building '/nix/store/3ww2mzyh3xynhh4ypcnqhrss5cbddb5s-unit-dbus.service.drv'...
building '/nix/store/d50v0nfaxifgclzlbr6r63pgcr2zqnzj-unit-dbus.service.drv'...
building '/nix/store/kk5mlpr315j3r3jhm687fwzk7w8vqjzv-user-units.drv'...
building '/nix/store/0fl73sp2h259isb8ggqiwh61bjhf0izv-system-units.drv'...
building '/nix/store/7qmr38fmf14jpn3qd7fpanjail2wfpwq-etc.drv'...
building '/nix/store/9jql6j3q7frm9wsrin08n32bq2wmdhp5-nixos-system-nixos-23.11.5060.617579a78725.drv'...
